070629 13:23:01 [Note] D:\EmpireServer\php\mysql5\bin\mysqld.exe: ready for connections.
Version: '5.0.27-community'  socket: ''  port: 3306  MySQL Community Edition (GPL)
070629 15:01:26 [Note] MySQL: ready for connections.
Version: '5.0.27-community-nt'  socket: ''  port: 3306  MySQL Community Edition (GPL)
070629 15:10:15 [Note] MySQL: Normal shutdown

070629 15:10:16 [Note] MySQL: Shutdown complete

070629 15:11:55 [Note] MySQL: ready for connections.
Version: '5.0.27-community-nt'  socket: ''  port: 3306  MySQL Community Edition (GPL)
070629 15:13:10 [Note] MySQL: Normal shutdown

070629 15:13:10 [Note] MySQL: Shutdown complete

070629 15:14:49 [Note] MySQL: ready for connections.
Version: '5.0.27-community-nt'  socket: ''  port: 3306  MySQL Community Edition (GPL)
070629 15:17:23 [Note] MySQL: Normal shutdown

070629 15:17:23 [Note] MySQL: Shutdown complete

070629 15:19:18 [Note] MySQL: ready for connections.
Version: '5.0.27-community-nt'  socket: ''  port: 3306  MySQL Community Edition (GPL)
070629 15:26:03 [Note] MySQL: Normal shutdown

070629 15:26:03 [Note] MySQL: Shutdown complete

070629 15:26:35 [Note] MySQL: ready for connections.
Version: '5.0.27-community-nt'  socket: ''  port: 3306  MySQL Community Edition (GPL)
070629 15:30:09 [Note] MySQL: Normal shutdown

070629 15:30:09 [Note] MySQL: Shutdown complete

070629 15:31:19 [Note] MySQL: ready for connections.
Version: '5.0.27-community-nt'  socket: ''  port: 3306  MySQL Community Edition (GPL)
070629 15:32:12 [Note] MySQL: Normal shutdown

070629 15:32:12 [Note] MySQL: Shutdown complete

