181017 21:51:05 [Note] MySQL: ready for connections.
Version: '5.0.27-community-nt'  socket: ''  port: 3306  MySQL Community Edition (GPL)
181018 12:34:51 [Note] MySQL: ready for connections.
Version: '5.0.27-community-nt'  socket: ''  port: 3306  MySQL Community Edition (GPL)
181018 22:57:58 [Note] MySQL: Normal shutdown

181018 22:57:58 [Note] MySQL: Shutdown complete

181019 13:05:27 [Note] MySQL: ready for connections.
Version: '5.0.27-community-nt'  socket: ''  port: 3306  MySQL Community Edition (GPL)
181019 21:46:53 [Note] MySQL: Normal shutdown

181019 21:46:53 [Note] MySQL: Shutdown complete

181020  8:40:23 [Note] MySQL: ready for connections.
Version: '5.0.27-community-nt'  socket: ''  port: 3306  MySQL Community Edition (GPL)
181020 10:12:17 [Note] MySQL: Normal shutdown

181020 10:12:17 [Note] MySQL: Shutdown complete

181020 19:25:06 [Note] MySQL: ready for connections.
Version: '5.0.27-community-nt'  socket: ''  port: 3306  MySQL Community Edition (GPL)
181020 22:12:59 [Note] MySQL: Normal shutdown

181020 22:13:00 [Note] MySQL: Shutdown complete

181021 10:26:09 [Note] MySQL: ready for connections.
Version: '5.0.27-community-nt'  socket: ''  port: 3306  MySQL Community Edition (GPL)
181021 19:48:34 [Note] MySQL: ready for connections.
Version: '5.0.27-community-nt'  socket: ''  port: 3306  MySQL Community Edition (GPL)
181021 22:54:54 [Note] MySQL: Normal shutdown

181021 22:54:55 [Note] MySQL: Shutdown complete

181022  9:56:28 [Note] MySQL: ready for connections.
Version: '5.0.27-community-nt'  socket: ''  port: 3306  MySQL Community Edition (GPL)
181022 23:17:01 [Note] MySQL: Normal shutdown

181022 23:17:01 [Note] MySQL: Shutdown complete

181023  8:38:44 [Note] MySQL: ready for connections.
Version: '5.0.27-community-nt'  socket: ''  port: 3306  MySQL Community Edition (GPL)
181023 23:25:07 [Note] MySQL: Normal shutdown

181023 23:25:08 [Note] MySQL: Shutdown complete

181024 12:44:19 [Note] MySQL: ready for connections.
Version: '5.0.27-community-nt'  socket: ''  port: 3306  MySQL Community Edition (GPL)
181024 22:56:39 [Note] MySQL: Normal shutdown

181024 22:56:43 [Note] MySQL: Shutdown complete

